{"name": "test_products_group", "status": "broken", "statusDetails": {"message": "selenium.common.exceptions.ElementClickInterceptedException: Message: element click intercepted: Element <a href=\"https://testqastudio.me?products_group=sale\" class=\"tab-sale \">...</a> is not clickable at point (1220, 748). Other element would receive the click: <div class=\"catalog-toolbar-tabs__content\">...</div>\n  (Session info: chrome=119.0.6045.160)\nStacktrace:\n\tGetHandleVerifier [0x00007FF6ECE982B2+55298]\n\t(No symbol) [0x00007FF6ECE05E02]\n\t(No symbol) [0x00007FF6ECCC05AB]\n\t(No symbol) [0x00007FF6ECD07A77]\n\t(No symbol) [0x00007FF6ECD05E39]\n\t(No symbol) [0x00007FF6ECD03C08]\n\t(No symbol) [0x00007FF6ECD02C8A]\n\t(No symbol) [0x00007FF6ECCF87BF]\n\t(No symbol) [0x00007FF6ECD220AA]\n\t(No symbol) [0x00007FF6ECCF80CF]\n\t(No symbol) [0x00007FF6ECD222C0]\n\t(No symbol) [0x00007FF6ECD3AAA4]\n\t(No symbol) [0x00007FF6ECD21E83]\n\t(No symbol) [0x00007FF6ECCF670A]\n\t(No symbol) [0x00007FF6ECCF7964]\n\tGetHandleVerifier [0x00007FF6ED210AAB+3694587]\n\tGetHandleVerifier [0x00007FF6ED26728E+4048862]\n\tGetHandleVerifier [0x00007FF6ED25F173+4015811]\n\tGetHandleVerifier [0x00007FF6ECF347D6+695590]\n\t(No symbol) [0x00007FF6ECE10CE8]\n\t(No symbol) [0x00007FF6ECE0CF34]\n\t(No symbol) [0x00007FF6ECE0D062]\n\t(No symbol) [0x00007FF6ECDFD3A3]\n\tBaseThreadInitThunk [0x00007FF890827344+20]\n\tRtlUserThreadStart [0x00007FF8922E26B1+33]", "trace": "tests\\front\\selenium.qa.studio-main\\tests\\test_shop.py:48: in test_products_group\n    element.click()\n        browser    = <selenium.webdriver.chrome.webdriver.WebDriver (session=\"a51460fd192782e71b991c2dda3ff342\")>\n        element    = <selenium.webdriver.remote.webelement.WebElement (session=\"a51460fd192782e71b991c2dda3ff342\", element=\"EC156759B3C41A7A90CE3E3153493BFD_element_118\")>\n        elements   = [<selenium.webdriver.remote.webelement.WebElement (session=\"a51460fd192782e71b991c2dda3ff342\", element=\"ED3CEEFD63B658...lement.WebElement (session=\"a51460fd192782e71b991c2dda3ff342\", element=\"ED3CEEFD63B6585162A26AE136E6E32F_element_15\")>]\n        expected_menu = [('Все', '', \"[class='tab-all active']\"), ('Бестселлеры', '/?products_group=best_sellers', \"[class='tab-best_sellers '... '/?products_group=new', \"[class='tab-new ']\"), ('Распродажа товаров', '/?products_group=sale', \"[class='tab-sale ']\")]\n        item       = ('Распродажа товаров', '/?products_group=sale', \"[class='tab-sale ']\")\n        menu_element = \"[class='catalog-toolbar-tabs__content'] a\"\nenv\\Lib\\site-packages\\selenium\\webdriver\\remote\\webelement.py:93: in click\n    self._execute(Command.CLICK_ELEMENT)\n        self       = <selenium.webdriver.remote.webelement.WebElement (session=\"a51460fd192782e71b991c2dda3ff342\", element=\"EC156759B3C41A7A90CE3E3153493BFD_element_118\")>\nenv\\Lib\\site-packages\\selenium\\webdriver\\remote\\webelement.py:394: in _execute\n    return self._parent.execute(command, params)\n        command    = 'clickElement'\n        params     = {'id': 'EC156759B3C41A7A90CE3E3153493BFD_element_118'}\n        self       = <selenium.webdriver.remote.webelement.WebElement (session=\"a51460fd192782e71b991c2dda3ff342\", element=\"EC156759B3C41A7A90CE3E3153493BFD_element_118\")>\nenv\\Lib\\site-packages\\selenium\\webdriver\\remote\\webdriver.py:347: in execute\n    self.error_handler.check_response(response)\n        driver_command = 'clickElement'\n        params     = {}\n        response   = {'status': 400, 'value': '{\"value\":{\"error\":\"element click intercepted\",\"message\":\"element click intercepted: Element ...07FF6ECDFD3A3]\\\\n\\\\tBaseThreadInitThunk [0x00007FF890827344+20]\\\\n\\\\tRtlUserThreadStart [0x00007FF8922E26B1+33]\\\\n\"}}'}\n        self       = <selenium.webdriver.chrome.webdriver.WebDriver (session=\"a51460fd192782e71b991c2dda3ff342\")>\nenv\\Lib\\site-packages\\selenium\\webdriver\\remote\\errorhandler.py:229: in check_response\n    raise exception_class(message, screen, stacktrace)\nE   selenium.common.exceptions.ElementClickInterceptedException: Message: element click intercepted: Element <a href=\"https://testqastudio.me?products_group=sale\" class=\"tab-sale \">...</a> is not clickable at point (1220, 748). Other element would receive the click: <div class=\"catalog-toolbar-tabs__content\">...</div>\nE     (Session info: chrome=119.0.6045.160)\nE   Stacktrace:\nE   \tGetHandleVerifier [0x00007FF6ECE982B2+55298]\nE   \t(No symbol) [0x00007FF6ECE05E02]\nE   \t(No symbol) [0x00007FF6ECCC05AB]\nE   \t(No symbol) [0x00007FF6ECD07A77]\nE   \t(No symbol) [0x00007FF6ECD05E39]\nE   \t(No symbol) [0x00007FF6ECD03C08]\nE   \t(No symbol) [0x00007FF6ECD02C8A]\nE   \t(No symbol) [0x00007FF6ECCF87BF]\nE   \t(No symbol) [0x00007FF6ECD220AA]\nE   \t(No symbol) [0x00007FF6ECCF80CF]\nE   \t(No symbol) [0x00007FF6ECD222C0]\nE   \t(No symbol) [0x00007FF6ECD3AAA4]\nE   \t(No symbol) [0x00007FF6ECD21E83]\nE   \t(No symbol) [0x00007FF6ECCF670A]\nE   \t(No symbol) [0x00007FF6ECCF7964]\nE   \tGetHandleVerifier [0x00007FF6ED210AAB+3694587]\nE   \tGetHandleVerifier [0x00007FF6ED26728E+4048862]\nE   \tGetHandleVerifier [0x00007FF6ED25F173+4015811]\nE   \tGetHandleVerifier [0x00007FF6ECF347D6+695590]\nE   \t(No symbol) [0x00007FF6ECE10CE8]\nE   \t(No symbol) [0x00007FF6ECE0CF34]\nE   \t(No symbol) [0x00007FF6ECE0D062]\nE   \t(No symbol) [0x00007FF6ECDFD3A3]\nE   \tBaseThreadInitThunk [0x00007FF890827344+20]\nE   \tRtlUserThreadStart [0x00007FF8922E26B1+33]\n        e          = <selenium.webdriver.remote.errorhandler.ErrorCode object at 0x000002892A60ADB0>\n        error_code = 'ELEMENT_CLICK_INTERCEPTED'\n        error_codes = ['ELEMENT_CLICK_INTERCEPTED', 'ELEMENT_IS_NOT_SELECTABLE', 'ELEMENT_NOT_INTERACTABLE', 'ELEMENT_NOT_VISIBLE', 'IME_ENGINE_ACTIVATION_FAILED', 'IME_NOT_AVAILABLE', ...]\n        error_info = [64, 'element click intercepted']\n        exception_class = <class 'selenium.common.exceptions.ElementClickInterceptedException'>\n        json       = <module 'json' from 'C:\\\\Users\\\\alexa\\\\AppData\\\\Local\\\\Programs\\\\Python\\\\Python312\\\\Lib\\\\json\\\\__init__.py'>\n        message    = 'element click intercepted: Element <a href=\"https://testqastudio.me?products_group=sale\" class=\"tab-sale \">...</a> is...would receive the click: <div class=\"catalog-toolbar-tabs__content\">...</div>\\n  (Session info: chrome=119.0.6045.160)'\n        response   = {'status': 400, 'value': '{\"value\":{\"error\":\"element click intercepted\",\"message\":\"element click intercepted: Element ...07FF6ECDFD3A3]\\\\n\\\\tBaseThreadInitThunk [0x00007FF890827344+20]\\\\n\\\\tRtlUserThreadStart [0x00007FF8922E26B1+33]\\\\n\"}}'}\n        screen     = None\n        self       = <selenium.webdriver.remote.errorhandler.ErrorHandler object at 0x000002892A60B0B0>\n        st_value   = '\\tGetHandleVerifier [0x00007FF6ECE982B2+55298]\\n\\t(No symbol) [0x00007FF6ECE05E02]\\n\\t(No symbol) [0x00007FF6ECCC05AB...l) [0x00007FF6ECDFD3A3]\\n\\tBaseThreadInitThunk [0x00007FF890827344+20]\\n\\tRtlUserThreadStart [0x00007FF8922E26B1+33]\\n'\n        stacktrace = ['\\tGetHandleVerifier [0x00007FF6ECE982B2+55298]', '\\t(No symbol) [0x00007FF6ECE05E02]', '\\t(No symbol) [0x00007FF6ECC... '\\t(No symbol) [0x00007FF6ECD07A77]', '\\t(No symbol) [0x00007FF6ECD05E39]', '\\t(No symbol) [0x00007FF6ECD03C08]', ...]\n        status     = 'element click intercepted'\n        value      = {'error': 'element click intercepted', 'message': 'element click intercepted: Element <a href=\"https://testqastudio.me...) [0x00007FF6ECDFD3A3]\\n\\tBaseThreadInitThunk [0x00007FF890827344+20]\\n\\tRtlUserThreadStart [0x00007FF8922E26B1+33]\\n'}\n        value_json = '{\"value\":{\"error\":\"element click intercepted\",\"message\":\"element click intercepted: Element \\\\u003Ca href=\\\\\"https://...007FF6ECDFD3A3]\\\\n\\\\tBaseThreadInitThunk [0x00007FF890827344+20]\\\\n\\\\tRtlUserThreadStart [0x00007FF8922E26B1+33]\\\\n\"}}'"}, "description": "\n    Test case TC-2\n    ", "start": 1701014254479, "stop": 1701014261085, "uuid": "fd7ab790-f3cd-45e0-852b-e370983d6e78", "historyId": "4aabe305ace2570f920baed0b6447f29", "testCaseId": "4aabe305ace2570f920baed0b6447f29", "fullName": "tests.front.selenium.qa.studio-main.tests.test_shop#test_products_group", "labels": [{"name": "parentSuite", "value": "tests.front.selenium.qa.studio-main.tests"}, {"name": "suite", "value": "test_shop"}, {"name": "host", "value": "DESKTOP-P90HTVF"}, {"name": "thread", "value": "21536-MainThread"}, {"name": "framework", "value": "pytest"}, {"name": "language", "value": "cpython3"}, {"name": "package", "value": "tests.front.selenium.qa.studio-main.tests.test_shop"}]}